INFO - 20170204 10:57:59 --> Config Class Initialized
INFO - 20170204 10:57:59 --> Hooks Class Initialized
DEBUG - 20170204 10:57:59 --> UTF-8 Support Enabled
INFO - 20170204 10:57:59 --> Utf8 Class Initialized
INFO - 20170204 10:57:59 --> URI Class Initialized
INFO - 20170204 10:57:59 --> Router Class Initialized
INFO - 20170204 10:57:59 --> Output Class Initialized
INFO - 20170204 10:57:59 --> Security Class Initialized
DEBUG - 20170204 10:57:59 --> Global POST, GET and COOKIE data sanitized
INFO - 20170204 10:57:59 --> Input Class Initialized
INFO - 20170204 10:57:59 --> Language Class Initialized
INFO - 20170204 10:57:59 --> Loader Class Initialized
DEBUG - 20170204 10:57:59 --> cURL Class Initialized
INFO - 20170204 10:57:59 --> Controller Class Initialized
INFO - 20170204 10:57:59 --> Helper loaded: util_helper
INFO - 20170204 10:57:59 --> Helper loaded: form_helper
INFO - 20170204 10:57:59 --> Form Validation Class Initialized
INFO - 20170204 10:57:59 --> Model Class Initialized
INFO - 20170204 10:57:59 --> Database Driver Class Initialized
DEBUG - 20170204 10:57:59 --> Config file loaded: /Users/rayqin/svn/sca/api/trunk/application/config/development/redis.php
ERROR - 20170204 10:58:00 --> Severity: Warning --> Redis::connect(): connect() failed: Connection refused /Users/rayqin/svn/sca/api/trunk/application/models/RedisCliModel.php 34
ERROR - 20170204 10:58:00 --> Severity: error --> Exception: Redis server went away /Users/rayqin/svn/sca/api/trunk/application/models/RedisCliModel.php 35
ERROR - 20170204 10:58:00 --> Severity: Warning --> Cannot modify header information - headers already sent by (output started at /Users/rayqin/svn/sca/api/trunk/system/core/Exceptions.php:271) /Users/rayqin/svn/sca/api/trunk/system/core/Common.php 578
