INFO - 20170524 16:52:34 --> Config Class Initialized
INFO - 20170524 16:52:34 --> Hooks Class Initialized
DEBUG - 20170524 16:52:34 --> UTF-8 Support Enabled
INFO - 20170524 16:52:34 --> Utf8 Class Initialized
INFO - 20170524 16:52:34 --> URI Class Initialized
DEBUG - 20170524 16:52:34 --> No URI present. Default controller set.
INFO - 20170524 16:52:34 --> Router Class Initialized
INFO - 20170524 16:52:34 --> Output Class Initialized
INFO - 20170524 16:52:34 --> Security Class Initialized
DEBUG - 20170524 16:52:34 --> Global POST, GET and COOKIE data sanitized
INFO - 20170524 16:52:34 --> Input Class Initialized
INFO - 20170524 16:52:34 --> Language Class Initialized
INFO - 20170524 16:52:34 --> Loader Class Initialized
DEBUG - 20170524 16:52:34 --> cURL Class Initialized
INFO - 20170524 16:52:34 --> Controller Class Initialized
INFO - 20170524 16:52:34 --> Helper loaded: util_helper
INFO - 20170524 16:52:34 --> Helper loaded: form_helper
INFO - 20170524 16:52:34 --> Form Validation Class Initialized
DEBUG - 20170524 16:52:34 --> Form_validation class already loaded. Second attempt ignored.
INFO - 20170524 16:52:34 --> Language file loaded: language/english/form_validation_lang.php
INFO - 20170524 16:52:34 --> Final output sent to browser
DEBUG - 20170524 16:52:34 --> Total execution time: 0.0350
